<?xml version="1.0" encoding="UTF-8"?>
<!-- Generated by org.testng.reporters.JUnitXMLReporter -->
<testsuite hostname="DESKTOP-JI5EG7N" ignored="0" name="login" tests="2" failures="0" timestamp="19 Feb 2021 05:33:09 GMT" time="7.118" errors="0">
  <testcase name="To_check_Error_For_Invalid_Login" time="3.209" classname="com.tekarch.login.loginTekApp"/>
  <testcase name="to_Check_Whether_Login_Happening_Or_Not" time="1.669" classname="com.tekarch.login.loginTekApp"/>
</testsuite> <!-- login -->
